ItafMobileTest/build/outputs/logs/manifest-merger-debug-report.txt
-- Merging decision tree log ---
manifest
ADDED from freetong_mobile\ItafMobileTest\AndroidManifest.xml:2:1-54:12
	xmlns:android
		ADDED from freetong_mobile\ItafMobileTest\AndroidManifest.xml:2:11-69
	package
		ADDED from freetong_mobile\ItafMobileTest\AndroidManifest.xml:3:5-31
	android:versionName
		ADDED from freetong_mobile\ItafMobileTest\AndroidManifest.xml:5:5-30
		INJECTED from freetong_mobile\ItafMobileTest\AndroidManifest.xml
		INJECTED from freetong_mobile\ItafMobileTest\AndroidManifest.xml
	android:versionCode
		ADDED from freetong_mobile\ItafMobileTest\AndroidManifest.xml:4:5-28
		INJECTED from freetong_mobile\ItafMobileTest\AndroidManifest.xml
		INJECTED from freetong_mobile\ItafMobileTest\AndroidManifest.xml
uses-sdk
ADDED from freetong_mobile\ItafMobileTest\AndroidManifest.xml:7:4-9:41
MERGED from [freetong_mobile:ItafMobileDs:unspecified] AndroidManifest.xml:7:5-9:41
MERGED from [freetong_mobile:ItafMobileCore:unspecified] AndroidManifest.xml:7:5-9:41
MERGED from [freetong_mobile:ItafMobileDto:unspecified] AndroidManifest.xml:7:5-9:41
MERGED from [freetong_mobile:ItafMobileCore:unspecified] AndroidManifest.xml:7:5-9:41
MERGED from [freetong_mobile:ItafMobileCore:unspecified] AndroidManifest.xml:7:5-9:41
MERGED from [freetong_mobile:ItafMobileDto:unspecified] AndroidManifest.xml:7:5-9:41
MERGED from [freetong_mobile:ItafMobileCore:unspecified] AndroidManifest.xml:7:5-9:41
	android:targetSdkVersion
		ADDED from freetong_mobile\ItafMobileTest\AndroidManifest.xml:9:9-38
	android:minSdkVersion
		ADDED from freetong_mobile\ItafMobileTest\AndroidManifest.xml:8:9-34
uses-permission#android.permission.INTERNET
ADDED from freetong_mobile\ItafMobileTest\AndroidManifest.xml:11:5-67
	android:name
		ADDED from freetong_mobile\ItafMobileTest\AndroidManifest.xml:11:22-64
uses-permission#android.permission.ACCESS_WIFI_STATE
ADDED from freetong_mobile\ItafMobileTest\AndroidManifest.xml:12:5-76
	android:name
		ADDED from freetong_mobile\ItafMobileTest\AndroidManifest.xml:12:22-73
uses-permission#android.permission.WRITE_EXTERNAL_STORAGE
ADDED from freetong_mobile\ItafMobileTest\AndroidManifest.xml:13:5-81
	android:name
		ADDED from freetong_mobile\ItafMobileTest\AndroidManifest.xml:13:22-78
uses-permission#android.permission.READ_CALENDAR
ADDED from freetong_mobile\ItafMobileTest\AndroidManifest.xml:14:5-72
	android:name
		ADDED from freetong_mobile\ItafMobileTest\AndroidManifest.xml:14:22-69
uses-permission#android.permission.WRITE_CALENDAR
ADDED from freetong_mobile\ItafMobileTest\AndroidManifest.xml:15:5-73
	android:name
		ADDED from freetong_mobile\ItafMobileTest\AndroidManifest.xml:15:22-70
uses-permission#android.permission.READ_PHONE_STATE
ADDED from freetong_mobile\ItafMobileTest\AndroidManifest.xml:16:5-75
	android:name
		ADDED from freetong_mobile\ItafMobileTest\AndroidManifest.xml:16:22-72
uses-permission#android.permission.ACCESS_NETWORK_STATE
ADDED from freetong_mobile\ItafMobileTest\AndroidManifest.xml:17:5-79
	android:name
		ADDED from freetong_mobile\ItafMobileTest\AndroidManifest.xml:17:22-76
uses-permission#android.permission.ACCESS_FINE_LOCATION
ADDED from freetong_mobile\ItafMobileTest\AndroidManifest.xml:18:5-79
	android:name
		ADDED from freetong_mobile\ItafMobileTest\AndroidManifest.xml:18:22-76
uses-permission#android.permission.CHANGE_WIFI_STATE
ADDED from freetong_mobile\ItafMobileTest\AndroidManifest.xml:19:5-76
	android:name
		ADDED from freetong_mobile\ItafMobileTest\AndroidManifest.xml:19:22-73
uses-permission#android.permission.MOUNT_UNMOUNT_FILESYSTEMS
ADDED from freetong_mobile\ItafMobileTest\AndroidManifest.xml:22:5-84
	android:name
		ADDED from freetong_mobile\ItafMobileTest\AndroidManifest.xml:22:22-81
uses-permission#android.permission.GET_ACCOUNTS
ADDED from freetong_mobile\ItafMobileTest\AndroidManifest.xml:25:5-71
	android:name
		ADDED from freetong_mobile\ItafMobileTest\AndroidManifest.xml:25:22-68
uses-permission#android.permission.USE_CREDENTIALS
ADDED from freetong_mobile\ItafMobileTest\AndroidManifest.xml:26:5-74
	android:name
		ADDED from freetong_mobile\ItafMobileTest\AndroidManifest.xml:26:22-71
uses-permission#android.permission.MANAGE_ACCOUNTS
ADDED from freetong_mobile\ItafMobileTest\AndroidManifest.xml:27:5-74
	android:name
		ADDED from freetong_mobile\ItafMobileTest\AndroidManifest.xml:27:22-71
uses-permission#android.permission.AUTHENTICATE_ACCOUNTS
ADDED from freetong_mobile\ItafMobileTest\AndroidManifest.xml:28:5-80
	android:name
		ADDED from freetong_mobile\ItafMobileTest\AndroidManifest.xml:28:22-77
permission#android.permission.BAIDU_LOCATION_SERVICE
ADDED from freetong_mobile\ItafMobileTest\AndroidManifest.xml:30:5-76
	android:name
		ADDED from freetong_mobile\ItafMobileTest\AndroidManifest.xml:30:17-73
uses-permission#android.permission.BAIDU_LOCATION_SERVICE
ADDED from freetong_mobile\ItafMobileTest\AndroidManifest.xml:32:5-81
	android:name
		ADDED from freetong_mobile\ItafMobileTest\AndroidManifest.xml:32:22-78
uses-permission#android.permission.ACCESS_COARSE_LOCATION
ADDED from freetong_mobile\ItafMobileTest\AndroidManifest.xml:33:5-81
	android:name
		ADDED from freetong_mobile\ItafMobileTest\AndroidManifest.xml:33:22-78
uses-permission#android.permission.ACCESS_MOCK_LOCATION
ADDED from freetong_mobile\ItafMobileTest\AndroidManifest.xml:34:5-79
	android:name
		ADDED from freetong_mobile\ItafMobileTest\AndroidManifest.xml:34:22-76
uses-permission#com.android.launcher.permission.READ_SETTINGS
ADDED from freetong_mobile\ItafMobileTest\AndroidManifest.xml:35:5-85
	android:name
		ADDED from freetong_mobile\ItafMobileTest\AndroidManifest.xml:35:22-82
uses-permission#android.permission.WAKE_LOCK
ADDED from freetong_mobile\ItafMobileTest\AndroidManifest.xml:36:5-68
	android:name
		ADDED from freetong_mobile\ItafMobileTest\AndroidManifest.xml:36:22-65
uses-permission#android.permission.ACCESS_GPS
ADDED from freetong_mobile\ItafMobileTest\AndroidManifest.xml:37:5-69
	android:name
		ADDED from freetong_mobile\ItafMobileTest\AndroidManifest.xml:37:22-66
uses-permission#android.permission.READ_CONTACTS
ADDED from freetong_mobile\ItafMobileTest\AndroidManifest.xml:38:5-72
	android:name
		ADDED from freetong_mobile\ItafMobileTest\AndroidManifest.xml:38:22-69
uses-permission#android.permission.CALL_PHONE
ADDED from freetong_mobile\ItafMobileTest\AndroidManifest.xml:39:5-69
	android:name
		ADDED from freetong_mobile\ItafMobileTest\AndroidManifest.xml:39:22-66
uses-permission#android.permission.READ_SMS
ADDED from freetong_mobile\ItafMobileTest\AndroidManifest.xml:40:5-67
	android:name
		ADDED from freetong_mobile\ItafMobileTest\AndroidManifest.xml:40:22-64
uses-permission#android.permission.SEND_SMS
ADDED from freetong_mobile\ItafMobileTest\AndroidManifest.xml:41:5-67
	android:name
		ADDED from freetong_mobile\ItafMobileTest\AndroidManifest.xml:41:22-64
application
ADDED from freetong_mobile\ItafMobileTest\AndroidManifest.xml:43:5-48:19
MERGED from [freetong_mobile:ItafMobileDs:unspecified] AndroidManifest.xml:11:5-23:19
MERGED from [freetong_mobile:ItafMobileCore:unspecified] AndroidManifest.xml:11:5-23:19
MERGED from [freetong_mobile:ItafMobileDto:unspecified] AndroidManifest.xml:11:5-23:19
MERGED from [freetong_mobile:ItafMobileCore:unspecified] AndroidManifest.xml:11:5-23:19
MERGED from [freetong_mobile:ItafMobileCore:unspecified] AndroidManifest.xml:11:5-23:19
MERGED from [freetong_mobile:ItafMobileDto:unspecified] AndroidManifest.xml:11:5-23:19
MERGED from [freetong_mobile:ItafMobileCore:unspecified] AndroidManifest.xml:11:5-23:19
	android:label
		ADDED from freetong_mobile\ItafMobileTest\AndroidManifest.xml:46:9-41
	android:allowBackup
		ADDED from freetong_mobile\ItafMobileTest\AndroidManifest.xml:44:9-35
	android:icon
		ADDED from freetong_mobile\ItafMobileTest\AndroidManifest.xml:45:9-45
uses-library#android.test.runner
ADDED from freetong_mobile\ItafMobileTest\AndroidManifest.xml:47:9-60
	android:name
		ADDED from freetong_mobile\ItafMobileTest\AndroidManifest.xml:47:23-57
instrumentation#android.test.InstrumentationTestRunner
ADDED from freetong_mobile\ItafMobileTest\AndroidManifest.xml:50:5-52:52
	android:targetPackage
		ADDED from freetong_mobile\ItafMobileTest\AndroidManifest.xml:52:9-49
	android:name
		ADDED from freetong_mobile\ItafMobileTest\AndroidManifest.xml:51:9-62
activity#itaf.mobile.ds.MainActivity
ADDED from [freetong_mobile:ItafMobileDs:unspecified] AndroidManifest.xml:14:9-22:20
	android:label
		ADDED from [freetong_mobile:ItafMobileDs:unspecified] AndroidManifest.xml:16:13-56
	android:name
		ADDED from [freetong_mobile:ItafMobileDs:unspecified] AndroidManifest.xml:15:13-55
intent-filter#android.intent.action.MAIN+android.intent.category.LAUNCHER
ADDED from [freetong_mobile:ItafMobileDs:unspecified] AndroidManifest.xml:17:13-21:29
action#android.intent.action.MAIN
ADDED from [freetong_mobile:ItafMobileDs:unspecified] AndroidManifest.xml:18:17-69
	android:name
		ADDED from [freetong_mobile:ItafMobileDs:unspecified] AndroidManifest.xml:18:25-66
category#android.intent.category.LAUNCHER
ADDED from [freetong_mobile:ItafMobileDs:unspecified] AndroidManifest.xml:20:17-77
	android:name
		ADDED from [freetong_mobile:ItafMobileDs:unspecified] AndroidManifest.xml:20:27-74
activity#itaf.mobile.core.MainActivity
ADDED from [freetong_mobile:ItafMobileCore:unspecified] AndroidManifest.xml:14:9-22:20
MERGED from [freetong_mobile:ItafMobileCore:unspecified] AndroidManifest.xml:14:9-22:20
MERGED from [freetong_mobile:ItafMobileCore:unspecified] AndroidManifest.xml:14:9-22:20
MERGED from [freetong_mobile:ItafMobileCore:unspecified] AndroidManifest.xml:14:9-22:20
	android:label
		ADDED from [freetong_mobile:ItafMobileCore:unspecified] AndroidManifest.xml:16:13-56
	android:name
		ADDED from [freetong_mobile:ItafMobileCore:unspecified] AndroidManifest.xml:15:13-57
activity#itaf.mobile.dto.MainActivity
ADDED from [freetong_mobile:ItafMobileDto:unspecified] AndroidManifest.xml:14:9-22:20
MERGED from [freetong_mobile:ItafMobileDto:unspecified] AndroidManifest.xml:14:9-22:20
	android:label
		ADDED from [freetong_mobile:ItafMobileDto:unspecified] AndroidManifest.xml:16:13-56
	android:name
		ADDED from [freetong_mobile:ItafMobileDto:unspecified] AndroidManifest.xml:15:13-56